<?xml version="1.0" encoding="UTF-8"?>
<!-- Generated by org.testng.reporters.JUnitReportReporter -->
<testsuite skipped="0" hostname="DESKTOP-O9IJ8HQ" name="runner.RunCucm" tests="1" failures="0" timestamp="2021-05-10T13:46:46 IST" time="15.097" errors="0">
  <testcase name="feature" time="15.097" classname="runner.RunCucm"/>
  <system-out/>
</testsuite> <!-- runner.RunCucm -->
