<?xml version="1.0" encoding="UTF-8"?>
<!-- Generated by org.testng.reporters.JUnitReportReporter -->
<testsuite skipped="0" hostname="DESKTOP-O9IJ8HQ" name="runner.RunCucm" tests="1" failures="0" timestamp="2021-05-10T17:50:32 IST" time="14.512" errors="0">
  <testcase name="feature" time="14.512" classname="runner.RunCucm"/>
  <system-out/>
</testsuite> <!-- runner.RunCucm -->
